[INFO] Scanning for projects...
[INFO] 
[INFO] --------------------< cs.msu.edu:CSCI_466_Project >---------------------
[INFO] Building CSCI_466_Project 1.0-SNAPSHOT
[INFO] --------------------------------[ jar ]---------------------------------
[INFO] 
[INFO] --- maven-resources-plugin:2.6:resources (default-resources) @ CSCI_466_Project ---
[WARNING] Using platform encoding (UTF-8 actually) to copy filtered resources, i.e. build is platform dependent!
[INFO] Copying 5 resources
[INFO] 
[INFO] --- maven-compiler-plugin:3.1:compile (default-compile) @ CSCI_466_Project ---
[INFO] Changes detected - recompiling the module!
[WARNING] File encoding has not been set, using platform encoding UTF-8, i.e. build is platform dependent!
[INFO] Compiling 47 source files to /home/carson/Projects/msu/csci-466-spring2021/grading/scripts/repos/stuart_smith/target/classes
[WARNING] /home/carson/Projects/msu/csci-466-spring2021/grading/scripts/repos/stuart_smith/src/main/java/edu/montana/csci/csci468/bytecode/MethodGenerator.java: /home/carson/Projects/msu/csci-466-spring2021/grading/scripts/repos/stuart_smith/src/main/java/edu/montana/csci/csci468/bytecode/MethodGenerator.java uses or overrides a deprecated API.
[WARNING] /home/carson/Projects/msu/csci-466-spring2021/grading/scripts/repos/stuart_smith/src/main/java/edu/montana/csci/csci468/bytecode/MethodGenerator.java: Recompile with -Xlint:deprecation for details.
[WARNING] /home/carson/Projects/msu/csci-466-spring2021/grading/scripts/repos/stuart_smith/src/main/java/edu/montana/csci/csci468/parser/CatscriptType.java: Some input files use unchecked or unsafe operations.
[WARNING] /home/carson/Projects/msu/csci-466-spring2021/grading/scripts/repos/stuart_smith/src/main/java/edu/montana/csci/csci468/parser/CatscriptType.java: Recompile with -Xlint:unchecked for details.
[INFO] 
[INFO] --- maven-resources-plugin:2.6:testResources (default-testResources) @ CSCI_466_Project ---
[WARNING] Using platform encoding (UTF-8 actually) to copy filtered resources, i.e. build is platform dependent!
[INFO] skip non existing resourceDirectory /home/carson/Projects/msu/csci-466-spring2021/grading/scripts/repos/stuart_smith/src/test/resources
[INFO] 
[INFO] --- maven-compiler-plugin:3.1:testCompile (default-testCompile) @ CSCI_466_Project ---
[INFO] Changes detected - recompiling the module!
[WARNING] File encoding has not been set, using platform encoding UTF-8, i.e. build is platform dependent!
[INFO] Compiling 19 source files to /home/carson/Projects/msu/csci-466-spring2021/grading/scripts/repos/stuart_smith/target/test-classes
[WARNING] /home/carson/Projects/msu/csci-466-spring2021/grading/scripts/repos/stuart_smith/src/test/java/edu/montana/csci/csci468/CatscriptTestBase.java: /home/carson/Projects/msu/csci-466-spring2021/grading/scripts/repos/stuart_smith/src/test/java/edu/montana/csci/csci468/CatscriptTestBase.java uses unchecked or unsafe operations.
[WARNING] /home/carson/Projects/msu/csci-466-spring2021/grading/scripts/repos/stuart_smith/src/test/java/edu/montana/csci/csci468/CatscriptTestBase.java: Recompile with -Xlint:unchecked for details.
[INFO] 
[INFO] --- maven-surefire-plugin:2.22.1:test (default-test) @ CSCI_466_Project ---
[INFO] 
[INFO] -------------------------------------------------------
[INFO]  T E S T S
[INFO] -------------------------------------------------------
[INFO] Running edu.montana.csci.csci468.parser.CatscriptParserExpressionsTest
[INFO] Tests run: 29, Failures: 0, Errors: 0, Skipped: 0, Time elapsed: 0.378 s - in edu.montana.csci.csci468.parser.CatscriptParserExpressionsTest
[INFO] Running edu.montana.csci.csci468.parser.CatscriptParserErrorsTest
[INFO] Tests run: 1, Failures: 0, Errors: 0, Skipped: 0, Time elapsed: 0.114 s - in edu.montana.csci.csci468.parser.CatscriptParserErrorsTest
[INFO] Running edu.montana.csci.csci468.parser.CatscriptParserStatementsTest
[ERROR] Tests run: 21, Failures: 0, Errors: 2, Skipped: 0, Time elapsed: 0.127 s <<< FAILURE! - in edu.montana.csci.csci468.parser.CatscriptParserStatementsTest
[ERROR] varStatementWithListType  Time elapsed: 0.028 s  <<< ERROR!
edu.montana.csci.csci468.parser.ParseErrorException: 
Parse Errors Occurred:

Line 1:var x : list<int> = [1, 2, 3]
      ^

Error: Incompatible types


	at edu.montana.csci.csci468.parser.CatscriptParserStatementsTest.varStatementWithListType(CatscriptParserStatementsTest.java:119)

[ERROR] varStatementWithObjectType  Time elapsed: 0.004 s  <<< ERROR!
edu.montana.csci.csci468.parser.ParseErrorException: 
Parse Errors Occurred:

Line 1:var x : object = ""
      ^

Error: Incompatible types


	at edu.montana.csci.csci468.parser.CatscriptParserStatementsTest.varStatementWithObjectType(CatscriptParserStatementsTest.java:110)

[INFO] Running edu.montana.csci.csci468.parser.CatscriptParserTypeCheckingTest
[ERROR] Tests run: 10, Failures: 0, Errors: 1, Skipped: 0, Time elapsed: 0.073 s <<< FAILURE! - in edu.montana.csci.csci468.parser.CatscriptParserTypeCheckingTest
[ERROR] assignmentTypeError  Time elapsed: 0.006 s  <<< ERROR!
java.lang.NullPointerException
	at edu.montana.csci.csci468.parser.CatscriptParserTypeCheckingTest.assignmentTypeError(CatscriptParserTypeCheckingTest.java:55)

[INFO] Running edu.montana.csci.csci468.parser.CatscriptParserSymbolCheckingTest
[ERROR] Tests run: 8, Failures: 0, Errors: 2, Skipped: 0, Time elapsed: 0.072 s <<< FAILURE! - in edu.montana.csci.csci468.parser.CatscriptParserSymbolCheckingTest
[ERROR] paramsConflictWithGlobalVars  Time elapsed: 0.015 s  <<< ERROR!
java.lang.NullPointerException
	at edu.montana.csci.csci468.parser.CatscriptParserSymbolCheckingTest.paramsConflictWithGlobalVars(CatscriptParserSymbolCheckingTest.java:46)

[ERROR] functionFunctionConflict  Time elapsed: 0.002 s  <<< ERROR!
java.lang.NullPointerException
	at edu.montana.csci.csci468.parser.CatscriptParserSymbolCheckingTest.functionFunctionConflict(CatscriptParserSymbolCheckingTest.java:34)

[INFO] Running edu.montana.csci.csci468.bytecode.CatscriptStatementExecutionTest
[ERROR] Tests run: 9, Failures: 0, Errors: 9, Skipped: 0, Time elapsed: 0.26 s <<< FAILURE! - in edu.montana.csci.csci468.bytecode.CatscriptStatementExecutionTest
[ERROR] recursiveFunctionWorksProperly  Time elapsed: 0 s  <<< ERROR!
java.lang.NullPointerException
	at edu.montana.csci.csci468.bytecode.CatscriptStatementExecutionTest.recursiveFunctionWorksProperly(CatscriptStatementExecutionTest.java:72)

[ERROR] localVarStatementsWorkProperly  Time elapsed: 0 s  <<< ERROR!
java.lang.NullPointerException
	at edu.montana.csci.csci468.bytecode.CatscriptStatementExecutionTest.localVarStatementsWorkProperly(CatscriptStatementExecutionTest.java:40)

[ERROR] varStatementWorksProperly  Time elapsed: 0.177 s  <<< ERROR!
java.lang.UnsupportedOperationException: compile needs to be implemented for edu.montana.csci.csci468.parser.statements.VariableStatement
	at edu.montana.csci.csci468.bytecode.CatscriptStatementExecutionTest.varStatementWorksProperly(CatscriptStatementExecutionTest.java:29)

[ERROR] functionDeclarationWorksProperly  Time elapsed: 0.003 s  <<< ERROR!
edu.montana.csci.csci468.parser.ParseErrorException: 
Parse Errors Occurred:

Line 2:foo(1)
       ^

Error: Unexpected Token

Line 3:foo(2)
        ^

Error: Unexpected Token

Line 4:foo(3)
         ^

Error: Unexpected Token


	at edu.montana.csci.csci468.bytecode.CatscriptStatementExecutionTest.functionDeclarationWorksProperly(CatscriptStatementExecutionTest.java:63)

[ERROR] returnStatementWorks  Time elapsed: 0.002 s  <<< ERROR!
java.lang.UnsupportedOperationException: compile needs to be implemented for edu.montana.csci.csci468.parser.statements.FunctionDefinitionStatement
	at edu.montana.csci.csci468.bytecode.CatscriptStatementExecutionTest.returnStatementWorks(CatscriptStatementExecutionTest.java:85)

[ERROR] varInsideFunctionWorksProperly  Time elapsed: 0.003 s  <<< ERROR!
java.lang.UnsupportedOperationException: compile needs to be implemented for edu.montana.csci.csci468.parser.statements.FunctionDefinitionStatement
	at edu.montana.csci.csci468.bytecode.CatscriptStatementExecutionTest.varInsideFunctionWorksProperly(CatscriptStatementExecutionTest.java:48)

[ERROR] ifStatementWorksProperly  Time elapsed: 0.004 s  <<< ERROR!
java.lang.UnsupportedOperationException: compile needs to be implemented for edu.montana.csci.csci468.parser.statements.IfStatement
	at edu.montana.csci.csci468.bytecode.CatscriptStatementExecutionTest.ifStatementWorksProperly(CatscriptStatementExecutionTest.java:21)

[ERROR] forStatementWorksProperly  Time elapsed: 0.005 s  <<< ERROR!
java.lang.UnsupportedOperationException: compile needs to be implemented for edu.montana.csci.csci468.parser.statements.ForStatement
	at edu.montana.csci.csci468.bytecode.CatscriptStatementExecutionTest.forStatementWorksProperly(CatscriptStatementExecutionTest.java:58)

[ERROR] printStatementWorksProperly  Time elapsed: 0 s  <<< ERROR!
java.lang.UnsupportedOperationException: compile needs to be implemented for edu.montana.csci.csci468.parser.statements.PrintStatement
	at edu.montana.csci.csci468.bytecode.CatscriptStatementExecutionTest.printStatementWorksProperly(CatscriptStatementExecutionTest.java:12)

[INFO] Running edu.montana.csci.csci468.bytecode.CatscriptBasicExpressionCompileTest
[ERROR] Tests run: 8, Failures: 0, Errors: 8, Skipped: 0, Time elapsed: 0.234 s <<< FAILURE! - in edu.montana.csci.csci468.bytecode.CatscriptBasicExpressionCompileTest
[ERROR] additiveStringExpressionCompilesProperly  Time elapsed: 0 s  <<< ERROR!
java.lang.UnsupportedOperationException: compile needs to be implemented for edu.montana.csci.csci468.parser.expressions.StringLiteralExpression
	at edu.montana.csci.csci468.bytecode.CatscriptBasicExpressionCompileTest.additiveStringExpressionCompilesProperly(CatscriptBasicExpressionCompileTest.java:40)

[ERROR] literalExpressionsCompilesProperly  Time elapsed: 0.173 s  <<< ERROR!
java.lang.IllegalArgumentException: 
Error at instruction 2: Argument 1: expected R, but found I execute()V
00000 R  :  :     ALOAD 0
00001 R  : R  :     LDC 1
00002 R  : R I  :     INVOKEVIRTUAL edu/montana/csci/csci468/parser/statements/CatScriptProgram.print (Ljava/lang/Object;)V
00003 ?    :     RETURN


	at edu.montana.csci.csci468.bytecode.CatscriptBasicExpressionCompileTest.literalExpressionsCompilesProperly(CatscriptBasicExpressionCompileTest.java:11)
Caused by: org.objectweb.asm.tree.analysis.AnalyzerException: Error at instruction 2: Argument 1: expected R, but found I
	at edu.montana.csci.csci468.bytecode.CatscriptBasicExpressionCompileTest.literalExpressionsCompilesProperly(CatscriptBasicExpressionCompileTest.java:11)
Caused by: org.objectweb.asm.tree.analysis.AnalyzerException: Argument 1: expected R, but found I
	at edu.montana.csci.csci468.bytecode.CatscriptBasicExpressionCompileTest.literalExpressionsCompilesProperly(CatscriptBasicExpressionCompileTest.java:11)

[ERROR] unaryExpressionCompilesProperly  Time elapsed: 0.009 s  <<< ERROR!
java.lang.UnsupportedOperationException: compile needs to be implemented for edu.montana.csci.csci468.parser.expressions.UnaryExpression
	at edu.montana.csci.csci468.bytecode.CatscriptBasicExpressionCompileTest.unaryExpressionCompilesProperly(CatscriptBasicExpressionCompileTest.java:20)

[ERROR] parenthesizedExpressionCompilesProperly  Time elapsed: 0.007 s  <<< ERROR!
java.lang.IllegalArgumentException: 
Error at instruction 2: Argument 1: expected R, but found I execute()V
00000 R  :  :     ALOAD 0
00001 R  : R  :     LDC 1
00002 R  : R I  :     INVOKEVIRTUAL edu/montana/csci/csci468/parser/statements/CatScriptProgram.print (Ljava/lang/Object;)V
00003 ?    :     RETURN


	at edu.montana.csci.csci468.bytecode.CatscriptBasicExpressionCompileTest.parenthesizedExpressionCompilesProperly(CatscriptBasicExpressionCompileTest.java:75)
Caused by: org.objectweb.asm.tree.analysis.AnalyzerException: Error at instruction 2: Argument 1: expected R, but found I
	at edu.montana.csci.csci468.bytecode.CatscriptBasicExpressionCompileTest.parenthesizedExpressionCompilesProperly(CatscriptBasicExpressionCompileTest.java:75)
Caused by: org.objectweb.asm.tree.analysis.AnalyzerException: Argument 1: expected R, but found I
	at edu.montana.csci.csci468.bytecode.CatscriptBasicExpressionCompileTest.parenthesizedExpressionCompilesProperly(CatscriptBasicExpressionCompileTest.java:75)

[ERROR] additiveExpressionCompilesProperly  Time elapsed: 0.01 s  <<< ERROR!
java.lang.IllegalArgumentException: 
Error at instruction 4: Argument 1: expected R, but found I execute()V
00000 R  :  :     ALOAD 0
00001 R  : R  :     LDC 1
00002 R  : R I  :     LDC 1
00003 R  : R I I  :     IADD
00004 R  : R I  :     INVOKEVIRTUAL edu/montana/csci/csci468/parser/statements/CatScriptProgram.print (Ljava/lang/Object;)V
00005 ?     :     RETURN


	at edu.montana.csci.csci468.bytecode.CatscriptBasicExpressionCompileTest.additiveExpressionCompilesProperly(CatscriptBasicExpressionCompileTest.java:33)
Caused by: org.objectweb.asm.tree.analysis.AnalyzerException: Error at instruction 4: Argument 1: expected R, but found I
	at edu.montana.csci.csci468.bytecode.CatscriptBasicExpressionCompileTest.additiveExpressionCompilesProperly(CatscriptBasicExpressionCompileTest.java:33)
Caused by: org.objectweb.asm.tree.analysis.AnalyzerException: Argument 1: expected R, but found I
	at edu.montana.csci.csci468.bytecode.CatscriptBasicExpressionCompileTest.additiveExpressionCompilesProperly(CatscriptBasicExpressionCompileTest.java:33)

[ERROR] factorExpressionCompilesProperly  Time elapsed: 0.003 s  <<< ERROR!
java.lang.UnsupportedOperationException: compile needs to be implemented for edu.montana.csci.csci468.parser.expressions.FactorExpression
	at edu.montana.csci.csci468.bytecode.CatscriptBasicExpressionCompileTest.factorExpressionCompilesProperly(CatscriptBasicExpressionCompileTest.java:26)

[ERROR] equalityExpressionCompilesProperly  Time elapsed: 0.011 s  <<< ERROR!
java.lang.UnsupportedOperationException: compile needs to be implemented for edu.montana.csci.csci468.parser.expressions.EqualityExpression
	at edu.montana.csci.csci468.bytecode.CatscriptBasicExpressionCompileTest.equalityExpressionCompilesProperly(CatscriptBasicExpressionCompileTest.java:66)

[ERROR] comparisonExpressionCompilesProperly  Time elapsed: 0.006 s  <<< ERROR!
java.lang.UnsupportedOperationException: compile needs to be implemented for edu.montana.csci.csci468.parser.expressions.ComparisonExpression
	at edu.montana.csci.csci468.bytecode.CatscriptBasicExpressionCompileTest.comparisonExpressionCompilesProperly(CatscriptBasicExpressionCompileTest.java:48)

[INFO] Running edu.montana.csci.csci468.bytecode.CatscriptFunctionArgsAndReturnCompileTest
[ERROR] Tests run: 15, Failures: 0, Errors: 15, Skipped: 0, Time elapsed: 0.017 s <<< FAILURE! - in edu.montana.csci.csci468.bytecode.CatscriptFunctionArgsAndReturnCompileTest
[ERROR] listTypeWithComponentTypeArgWorksProperly  Time elapsed: 0 s  <<< ERROR!
edu.montana.csci.csci468.parser.ParseErrorException: 
Parse Errors Occurred:

Line 1:function foo(x : list<int>) { print(x) }foo([1, 2, 3])
      ^

Error: Unexpected Token


	at edu.montana.csci.csci468.bytecode.CatscriptFunctionArgsAndReturnCompileTest.listTypeWithComponentTypeArgWorksProperly(CatscriptFunctionArgsAndReturnCompileTest.java:56)

[ERROR] stringTypeArgWorksProperly  Time elapsed: 0 s  <<< ERROR!
edu.montana.csci.csci468.parser.ParseErrorException: 
Parse Errors Occurred:

Line 1:function foo(x : string) { print(x) }foo("foo")
      ^

Error: Unexpected Token


	at edu.montana.csci.csci468.bytecode.CatscriptFunctionArgsAndReturnCompileTest.stringTypeArgWorksProperly(CatscriptFunctionArgsAndReturnCompileTest.java:44)

[ERROR] noTypeArgWorksProperly  Time elapsed: 0.004 s  <<< ERROR!
edu.montana.csci.csci468.parser.ParseErrorException: 
Parse Errors Occurred:

Line 1:function foo(x) { print(x) }foo(1)
      ^

Error: Unexpected Token


	at edu.montana.csci.csci468.bytecode.CatscriptFunctionArgsAndReturnCompileTest.noTypeArgWorksProperly(CatscriptFunctionArgsAndReturnCompileTest.java:20)

[ERROR] mutliArgumentFunctionsWork  Time elapsed: 0 s  <<< ERROR!
edu.montana.csci.csci468.parser.ParseErrorException: 
Parse Errors Occurred:

Line 1:function foo(x, y, z) { print(x) }foo(1, 2, 3)
      ^

Error: Unexpected Token


	at edu.montana.csci.csci468.bytecode.CatscriptFunctionArgsAndReturnCompileTest.mutliArgumentFunctionsWork(CatscriptFunctionArgsAndReturnCompileTest.java:62)

[ERROR] returnBoolWorksProperly  Time elapsed: 0 s  <<< ERROR!
java.lang.UnsupportedOperationException: compile needs to be implemented for edu.montana.csci.csci468.parser.statements.FunctionDefinitionStatement
	at edu.montana.csci.csci468.bytecode.CatscriptFunctionArgsAndReturnCompileTest.returnBoolWorksProperly(CatscriptFunctionArgsAndReturnCompileTest.java:88)

[ERROR] returnListWithComponentTypeWorksProperlyWithMultipleReturnOptions  Time elapsed: 0 s  <<< ERROR!
java.lang.NullPointerException
	at edu.montana.csci.csci468.bytecode.CatscriptFunctionArgsAndReturnCompileTest.returnListWithComponentTypeWorksProperlyWithMultipleReturnOptions(CatscriptFunctionArgsAndReturnCompileTest.java:107)

[ERROR] returnObjectWorksProperly  Time elapsed: 0 s  <<< ERROR!
java.lang.UnsupportedOperationException: compile needs to be implemented for edu.montana.csci.csci468.parser.statements.FunctionDefinitionStatement
	at edu.montana.csci.csci468.bytecode.CatscriptFunctionArgsAndReturnCompileTest.returnObjectWorksProperly(CatscriptFunctionArgsAndReturnCompileTest.java:72)

[ERROR] returnListWithComponentTypeWorksProperly  Time elapsed: 0 s  <<< ERROR!
java.lang.UnsupportedOperationException: compile needs to be implemented for edu.montana.csci.csci468.parser.statements.FunctionDefinitionStatement
	at edu.montana.csci.csci468.bytecode.CatscriptFunctionArgsAndReturnCompileTest.returnListWithComponentTypeWorksProperly(CatscriptFunctionArgsAndReturnCompileTest.java:101)

[ERROR] returnListWorksProperly  Time elapsed: 0 s  <<< ERROR!
java.lang.NullPointerException
	at edu.montana.csci.csci468.bytecode.CatscriptFunctionArgsAndReturnCompileTest.returnListWorksProperly(CatscriptFunctionArgsAndReturnCompileTest.java:94)

[ERROR] objectTypeArgWorksProperly  Time elapsed: 0 s  <<< ERROR!
edu.montana.csci.csci468.parser.ParseErrorException: 
Parse Errors Occurred:

Line 1:function foo(x : object) { print(x) }foo(1)
      ^

Error: Unexpected Token


	at edu.montana.csci.csci468.bytecode.CatscriptFunctionArgsAndReturnCompileTest.objectTypeArgWorksProperly(CatscriptFunctionArgsAndReturnCompileTest.java:26)

[ERROR] voidFunctionWorksProperly  Time elapsed: 0 s  <<< ERROR!
java.lang.NullPointerException
	at edu.montana.csci.csci468.bytecode.CatscriptFunctionArgsAndReturnCompileTest.voidFunctionWorksProperly(CatscriptFunctionArgsAndReturnCompileTest.java:12)

[ERROR] listTypeArgWorksProperly  Time elapsed: 0 s  <<< ERROR!
java.lang.NullPointerException
	at edu.montana.csci.csci468.bytecode.CatscriptFunctionArgsAndReturnCompileTest.listTypeArgWorksProperly(CatscriptFunctionArgsAndReturnCompileTest.java:50)

[ERROR] intTypeArgWorksProperly  Time elapsed: 0 s  <<< ERROR!
edu.montana.csci.csci468.parser.ParseErrorException: 
Parse Errors Occurred:

Line 1:function foo(x : int) { print(x) }foo(1)
      ^

Error: Unexpected Token


	at edu.montana.csci.csci468.bytecode.CatscriptFunctionArgsAndReturnCompileTest.intTypeArgWorksProperly(CatscriptFunctionArgsAndReturnCompileTest.java:32)

[ERROR] booleanTypeArgWorksProperly  Time elapsed: 0 s  <<< ERROR!
edu.montana.csci.csci468.parser.ParseErrorException: 
Parse Errors Occurred:

Line 1:function foo(x : bool) { print(x) }foo(true)
      ^

Error: Unexpected Token


	at edu.montana.csci.csci468.bytecode.CatscriptFunctionArgsAndReturnCompileTest.booleanTypeArgWorksProperly(CatscriptFunctionArgsAndReturnCompileTest.java:38)

[ERROR] returnIntWorksProperly  Time elapsed: 0 s  <<< ERROR!
java.lang.UnsupportedOperationException: compile needs to be implemented for edu.montana.csci.csci468.parser.statements.FunctionDefinitionStatement
	at edu.montana.csci.csci468.bytecode.CatscriptFunctionArgsAndReturnCompileTest.returnIntWorksProperly(CatscriptFunctionArgsAndReturnCompileTest.java:82)

[INFO] Running edu.montana.csci.csci468.js.CatscriptFunctionArgsAndReturnTranspileTest
[ERROR] Tests run: 14, Failures: 0, Errors: 14, Skipped: 0, Time elapsed: 0.002 s <<< FAILURE! - in edu.montana.csci.csci468.js.CatscriptFunctionArgsAndReturnTranspileTest
[ERROR] listTypeWithComponentTypeArgWorksProperly  Time elapsed: 0 s  <<< ERROR!
edu.montana.csci.csci468.parser.ParseErrorException: 
Parse Errors Occurred:

Line 1:function foo(x : list<int>) { print(x) }foo([1, 2, 3])
      ^

Error: Unexpected Token


	at edu.montana.csci.csci468.js.CatscriptFunctionArgsAndReturnTranspileTest.listTypeWithComponentTypeArgWorksProperly(CatscriptFunctionArgsAndReturnTranspileTest.java:56)

[ERROR] stringTypeArgWorksProperly  Time elapsed: 0 s  <<< ERROR!
edu.montana.csci.csci468.parser.ParseErrorException: 
Parse Errors Occurred:

Line 1:function foo(x : string) { print(x) }foo("foo")
      ^

Error: Unexpected Token


	at edu.montana.csci.csci468.js.CatscriptFunctionArgsAndReturnTranspileTest.stringTypeArgWorksProperly(CatscriptFunctionArgsAndReturnTranspileTest.java:44)

[ERROR] noTypeArgWorksProperly  Time elapsed: 0 s  <<< ERROR!
edu.montana.csci.csci468.parser.ParseErrorException: 
Parse Errors Occurred:

Line 1:function foo(x) { print(x) }foo(1)
      ^

Error: Unexpected Token


	at edu.montana.csci.csci468.js.CatscriptFunctionArgsAndReturnTranspileTest.noTypeArgWorksProperly(CatscriptFunctionArgsAndReturnTranspileTest.java:20)

[ERROR] mutliArgumentFunctionsWork  Time elapsed: 0 s  <<< ERROR!
edu.montana.csci.csci468.parser.ParseErrorException: 
Parse Errors Occurred:

Line 1:function foo(x, y, z) { print(x) }foo(1, 2, 3)
      ^

Error: Unexpected Token


	at edu.montana.csci.csci468.js.CatscriptFunctionArgsAndReturnTranspileTest.mutliArgumentFunctionsWork(CatscriptFunctionArgsAndReturnTranspileTest.java:62)

[ERROR] returnBoolWorksProperly  Time elapsed: 0.001 s  <<< ERROR!
java.lang.UnsupportedOperationException: transpile needs to be implemented for edu.montana.csci.csci468.parser.statements.FunctionDefinitionStatement
	at edu.montana.csci.csci468.js.CatscriptFunctionArgsAndReturnTranspileTest.returnBoolWorksProperly(CatscriptFunctionArgsAndReturnTranspileTest.java:88)

[ERROR] returnObjectWorksProperly  Time elapsed: 0 s  <<< ERROR!
java.lang.UnsupportedOperationException: transpile needs to be implemented for edu.montana.csci.csci468.parser.statements.FunctionDefinitionStatement
	at edu.montana.csci.csci468.js.CatscriptFunctionArgsAndReturnTranspileTest.returnObjectWorksProperly(CatscriptFunctionArgsAndReturnTranspileTest.java:72)

[ERROR] returnListWithComponentTypeWorksProperly  Time elapsed: 0 s  <<< ERROR!
java.lang.UnsupportedOperationException: transpile needs to be implemented for edu.montana.csci.csci468.parser.statements.FunctionDefinitionStatement
	at edu.montana.csci.csci468.js.CatscriptFunctionArgsAndReturnTranspileTest.returnListWithComponentTypeWorksProperly(CatscriptFunctionArgsAndReturnTranspileTest.java:101)

[ERROR] returnListWorksProperly  Time elapsed: 0 s  <<< ERROR!
java.lang.NullPointerException
	at edu.montana.csci.csci468.js.CatscriptFunctionArgsAndReturnTranspileTest.returnListWorksProperly(CatscriptFunctionArgsAndReturnTranspileTest.java:94)

[ERROR] objectTypeArgWorksProperly  Time elapsed: 0 s  <<< ERROR!
edu.montana.csci.csci468.parser.ParseErrorException: 
Parse Errors Occurred:

Line 1:function foo(x : object) { print(x) }foo(1)
      ^

Error: Unexpected Token


	at edu.montana.csci.csci468.js.CatscriptFunctionArgsAndReturnTranspileTest.objectTypeArgWorksProperly(CatscriptFunctionArgsAndReturnTranspileTest.java:26)

[ERROR] voidFunctionWorksProperly  Time elapsed: 0 s  <<< ERROR!
java.lang.NullPointerException
	at edu.montana.csci.csci468.js.CatscriptFunctionArgsAndReturnTranspileTest.voidFunctionWorksProperly(CatscriptFunctionArgsAndReturnTranspileTest.java:12)

[ERROR] listTypeArgWorksProperly  Time elapsed: 0 s  <<< ERROR!
java.lang.NullPointerException
	at edu.montana.csci.csci468.js.CatscriptFunctionArgsAndReturnTranspileTest.listTypeArgWorksProperly(CatscriptFunctionArgsAndReturnTranspileTest.java:50)

[ERROR] intTypeArgWorksProperly  Time elapsed: 0 s  <<< ERROR!
edu.montana.csci.csci468.parser.ParseErrorException: 
Parse Errors Occurred:

Line 1:function foo(x : int) { print(x) }foo(1)
      ^

Error: Unexpected Token


	at edu.montana.csci.csci468.js.CatscriptFunctionArgsAndReturnTranspileTest.intTypeArgWorksProperly(CatscriptFunctionArgsAndReturnTranspileTest.java:32)

[ERROR] booleanTypeArgWorksProperly  Time elapsed: 0 s  <<< ERROR!
edu.montana.csci.csci468.parser.ParseErrorException: 
Parse Errors Occurred:

Line 1:function foo(x : bool) { print(x) }foo(true)
      ^

Error: Unexpected Token


	at edu.montana.csci.csci468.js.CatscriptFunctionArgsAndReturnTranspileTest.booleanTypeArgWorksProperly(CatscriptFunctionArgsAndReturnTranspileTest.java:38)

[ERROR] returnIntWorksProperly  Time elapsed: 0 s  <<< ERROR!
java.lang.UnsupportedOperationException: transpile needs to be implemented for edu.montana.csci.csci468.parser.statements.FunctionDefinitionStatement
	at edu.montana.csci.csci468.js.CatscriptFunctionArgsAndReturnTranspileTest.returnIntWorksProperly(CatscriptFunctionArgsAndReturnTranspileTest.java:82)

[INFO] Running edu.montana.csci.csci468.js.CatscriptStatementTranspileTest
[ERROR] Tests run: 7, Failures: 0, Errors: 7, Skipped: 0, Time elapsed: 0.002 s <<< FAILURE! - in edu.montana.csci.csci468.js.CatscriptStatementTranspileTest
[ERROR] recursiveFunctionWorksProperly  Time elapsed: 0 s  <<< ERROR!
java.lang.NullPointerException
	at edu.montana.csci.csci468.js.CatscriptStatementTranspileTest.recursiveFunctionWorksProperly(CatscriptStatementTranspileTest.java:54)

[ERROR] varStatementWorksProperly  Time elapsed: 0 s  <<< ERROR!
java.lang.UnsupportedOperationException: transpile needs to be implemented for edu.montana.csci.csci468.parser.statements.VariableStatement
	at edu.montana.csci.csci468.js.CatscriptStatementTranspileTest.varStatementWorksProperly(CatscriptStatementTranspileTest.java:29)

[ERROR] functionDeclarationWorksProperly  Time elapsed: 0 s  <<< ERROR!
edu.montana.csci.csci468.parser.ParseErrorException: 
Parse Errors Occurred:

Line 2:foo(1)
       ^

Error: Unexpected Token

Line 3:foo(2)
        ^

Error: Unexpected Token

Line 4:foo(3)
         ^

Error: Unexpected Token


	at edu.montana.csci.csci468.js.CatscriptStatementTranspileTest.functionDeclarationWorksProperly(CatscriptStatementTranspileTest.java:45)

[ERROR] returnStatementWorks  Time elapsed: 0 s  <<< ERROR!
java.lang.UnsupportedOperationException: transpile needs to be implemented for edu.montana.csci.csci468.parser.statements.FunctionDefinitionStatement
	at edu.montana.csci.csci468.js.CatscriptStatementTranspileTest.returnStatementWorks(CatscriptStatementTranspileTest.java:67)

[ERROR] ifStatementWorksProperly  Time elapsed: 0.001 s  <<< ERROR!
java.lang.UnsupportedOperationException: transpile needs to be implemented for edu.montana.csci.csci468.parser.statements.IfStatement
	at edu.montana.csci.csci468.js.CatscriptStatementTranspileTest.ifStatementWorksProperly(CatscriptStatementTranspileTest.java:21)

[ERROR] forStatementWorksProperly  Time elapsed: 0 s  <<< ERROR!
java.lang.UnsupportedOperationException: transpile needs to be implemented for edu.montana.csci.csci468.parser.statements.ForStatement
	at edu.montana.csci.csci468.js.CatscriptStatementTranspileTest.forStatementWorksProperly(CatscriptStatementTranspileTest.java:40)

[ERROR] printStatementWorksProperly  Time elapsed: 0 s  <<< ERROR!
java.lang.UnsupportedOperationException: transpile needs to be implemented for edu.montana.csci.csci468.parser.statements.PrintStatement
	at edu.montana.csci.csci468.js.CatscriptStatementTranspileTest.printStatementWorksProperly(CatscriptStatementTranspileTest.java:12)

[INFO] Running edu.montana.csci.csci468.js.CatscriptBasicExpressionTranspileTest
print(1+1);

print(1-1);

print(1-2-1);

print(1);

print((1));

[ERROR] Tests run: 8, Failures: 0, Errors: 6, Skipped: 0, Time elapsed: 2.339 s <<< FAILURE! - in edu.montana.csci.csci468.js.CatscriptBasicExpressionTranspileTest
[ERROR] comparisonExpressionEvaluatesProperly  Time elapsed: 0.001 s  <<< ERROR!
java.lang.UnsupportedOperationException: transpile needs to be implemented for edu.montana.csci.csci468.parser.expressions.ComparisonExpression
	at edu.montana.csci.csci468.js.CatscriptBasicExpressionTranspileTest.comparisonExpressionEvaluatesProperly(CatscriptBasicExpressionTranspileTest.java:48)

[ERROR] factorExpressionEvaluatesProperly  Time elapsed: 0 s  <<< ERROR!
java.lang.UnsupportedOperationException: transpile needs to be implemented for edu.montana.csci.csci468.parser.expressions.FactorExpression
	at edu.montana.csci.csci468.js.CatscriptBasicExpressionTranspileTest.factorExpressionEvaluatesProperly(CatscriptBasicExpressionTranspileTest.java:26)

[ERROR] equalityExpressionEvaluatesProperly  Time elapsed: 0 s  <<< ERROR!
java.lang.UnsupportedOperationException: transpile needs to be implemented for edu.montana.csci.csci468.parser.expressions.EqualityExpression
	at edu.montana.csci.csci468.js.CatscriptBasicExpressionTranspileTest.equalityExpressionEvaluatesProperly(CatscriptBasicExpressionTranspileTest.java:66)

[ERROR] additiveStringExpressionEvaluatesProperly  Time elapsed: 0 s  <<< ERROR!
java.lang.UnsupportedOperationException: transpile needs to be implemented for edu.montana.csci.csci468.parser.expressions.StringLiteralExpression
	at edu.montana.csci.csci468.js.CatscriptBasicExpressionTranspileTest.additiveStringExpressionEvaluatesProperly(CatscriptBasicExpressionTranspileTest.java:40)

[ERROR] unaryExpressionEvaluatesProperly  Time elapsed: 0.016 s  <<< ERROR!
java.lang.UnsupportedOperationException: transpile needs to be implemented for edu.montana.csci.csci468.parser.expressions.UnaryExpression
	at edu.montana.csci.csci468.js.CatscriptBasicExpressionTranspileTest.unaryExpressionEvaluatesProperly(CatscriptBasicExpressionTranspileTest.java:20)

[ERROR] literalExpressionsEvaluatesProperly  Time elapsed: 0.087 s  <<< ERROR!
java.lang.UnsupportedOperationException: transpile needs to be implemented for edu.montana.csci.csci468.parser.expressions.BooleanLiteralExpression
	at edu.montana.csci.csci468.js.CatscriptBasicExpressionTranspileTest.literalExpressionsEvaluatesProperly(CatscriptBasicExpressionTranspileTest.java:12)

[INFO] Running edu.montana.csci.csci468.eval.CatscriptStatementExecutionTest
[ERROR] Tests run: 9, Failures: 1, Errors: 5, Skipped: 0, Time elapsed: 0.01 s <<< FAILURE! - in edu.montana.csci.csci468.eval.CatscriptStatementExecutionTest
[ERROR] recursiveFunctionWorksProperly  Time elapsed: 0 s  <<< ERROR!
java.lang.NullPointerException
	at edu.montana.csci.csci468.eval.CatscriptStatementExecutionTest.recursiveFunctionWorksProperly(CatscriptStatementExecutionTest.java:75)

[ERROR] localVarStatementsWorkProperly  Time elapsed: 0 s  <<< ERROR!
java.lang.NullPointerException
	at edu.montana.csci.csci468.eval.CatscriptStatementExecutionTest.localVarStatementsWorkProperly(CatscriptStatementExecutionTest.java:43)

[ERROR] functionDeclarationWorksProperly  Time elapsed: 0 s  <<< ERROR!
edu.montana.csci.csci468.parser.ParseErrorException: 
Parse Errors Occurred:

Line 2:foo(1)
       ^

Error: Unexpected Token

Line 3:foo(2)
        ^

Error: Unexpected Token

Line 4:foo(3)
         ^

Error: Unexpected Token


	at edu.montana.csci.csci468.eval.CatscriptStatementExecutionTest.functionDeclarationWorksProperly(CatscriptStatementExecutionTest.java:66)

[ERROR] returnStatementWorks  Time elapsed: 0 s  <<< ERROR!
java.lang.UnsupportedOperationException: evaluate needs to be implemented for edu.montana.csci.csci468.parser.expressions.FunctionCallExpression
	at edu.montana.csci.csci468.eval.CatscriptStatementExecutionTest.returnStatementWorks(CatscriptStatementExecutionTest.java:88)

[ERROR] varInsideFunctionWorksProperly  Time elapsed: 0 s  <<< ERROR!
java.lang.UnsupportedOperationException: evaluate needs to be implemented for edu.montana.csci.csci468.parser.expressions.FunctionCallExpression
	at edu.montana.csci.csci468.eval.CatscriptStatementExecutionTest.varInsideFunctionWorksProperly(CatscriptStatementExecutionTest.java:51)

[ERROR] ifStatementWorksProperly  Time elapsed: 0.001 s  <<< FAILURE!
org.opentest4j.AssertionFailedError: 
expected: <1
> but was: <>
	at edu.montana.csci.csci468.eval.CatscriptStatementExecutionTest.ifStatementWorksProperly(CatscriptStatementExecutionTest.java:24)

[INFO] Running edu.montana.csci.csci468.eval.CatscriptFunctionArgsAndReturnEvalTest
[ERROR] Tests run: 14, Failures: 0, Errors: 14, Skipped: 0, Time elapsed: 0.08 s <<< FAILURE! - in edu.montana.csci.csci468.eval.CatscriptFunctionArgsAndReturnEvalTest
[ERROR] listTypeWithComponentTypeArgWorksProperly  Time elapsed: 0 s  <<< ERROR!
edu.montana.csci.csci468.parser.ParseErrorException: 
Parse Errors Occurred:

Line 1:function foo(x : list<int>) { print(x) }foo([1, 2, 3])
      ^

Error: Unexpected Token


	at edu.montana.csci.csci468.eval.CatscriptFunctionArgsAndReturnEvalTest.listTypeWithComponentTypeArgWorksProperly(CatscriptFunctionArgsAndReturnEvalTest.java:56)

[ERROR] stringTypeArgWorksProperly  Time elapsed: 0 s  <<< ERROR!
edu.montana.csci.csci468.parser.ParseErrorException: 
Parse Errors Occurred:

Line 1:function foo(x : string) { print(x) }foo("foo")
      ^

Error: Unexpected Token


	at edu.montana.csci.csci468.eval.CatscriptFunctionArgsAndReturnEvalTest.stringTypeArgWorksProperly(CatscriptFunctionArgsAndReturnEvalTest.java:44)

[ERROR] noTypeArgWorksProperly  Time elapsed: 0 s  <<< ERROR!
edu.montana.csci.csci468.parser.ParseErrorException: 
Parse Errors Occurred:

Line 1:function foo(x) { print(x) }foo(1)
      ^

Error: Unexpected Token


	at edu.montana.csci.csci468.eval.CatscriptFunctionArgsAndReturnEvalTest.noTypeArgWorksProperly(CatscriptFunctionArgsAndReturnEvalTest.java:20)

[ERROR] mutliArgumentFunctionsWork  Time elapsed: 0 s  <<< ERROR!
edu.montana.csci.csci468.parser.ParseErrorException: 
Parse Errors Occurred:

Line 1:function foo(x, y, z) { print(x) }foo(1, 2, 3)
      ^

Error: Unexpected Token


	at edu.montana.csci.csci468.eval.CatscriptFunctionArgsAndReturnEvalTest.mutliArgumentFunctionsWork(CatscriptFunctionArgsAndReturnEvalTest.java:62)

[ERROR] returnBoolWorksProperly  Time elapsed: 0 s  <<< ERROR!
java.lang.UnsupportedOperationException: evaluate needs to be implemented for edu.montana.csci.csci468.parser.expressions.FunctionCallExpression
	at edu.montana.csci.csci468.eval.CatscriptFunctionArgsAndReturnEvalTest.returnBoolWorksProperly(CatscriptFunctionArgsAndReturnEvalTest.java:88)

[ERROR] returnObjectWorksProperly  Time elapsed: 0 s  <<< ERROR!
java.lang.UnsupportedOperationException: evaluate needs to be implemented for edu.montana.csci.csci468.parser.expressions.FunctionCallExpression
	at edu.montana.csci.csci468.eval.CatscriptFunctionArgsAndReturnEvalTest.returnObjectWorksProperly(CatscriptFunctionArgsAndReturnEvalTest.java:72)

[ERROR] returnListWithComponentTypeWorksProperly  Time elapsed: 0.009 s  <<< ERROR!
java.lang.UnsupportedOperationException: evaluate needs to be implemented for edu.montana.csci.csci468.parser.expressions.FunctionCallExpression
	at edu.montana.csci.csci468.eval.CatscriptFunctionArgsAndReturnEvalTest.returnListWithComponentTypeWorksProperly(CatscriptFunctionArgsAndReturnEvalTest.java:101)

[ERROR] returnListWorksProperly  Time elapsed: 0 s  <<< ERROR!
java.lang.NullPointerException
	at edu.montana.csci.csci468.eval.CatscriptFunctionArgsAndReturnEvalTest.returnListWorksProperly(CatscriptFunctionArgsAndReturnEvalTest.java:94)

[ERROR] objectTypeArgWorksProperly  Time elapsed: 0.017 s  <<< ERROR!
edu.montana.csci.csci468.parser.ParseErrorException: 
Parse Errors Occurred:

Line 1:function foo(x : object) { print(x) }foo(1)
      ^

Error: Unexpected Token


	at edu.montana.csci.csci468.eval.CatscriptFunctionArgsAndReturnEvalTest.objectTypeArgWorksProperly(CatscriptFunctionArgsAndReturnEvalTest.java:26)

[ERROR] voidFunctionWorksProperly  Time elapsed: 0 s  <<< ERROR!
java.lang.NullPointerException
	at edu.montana.csci.csci468.eval.CatscriptFunctionArgsAndReturnEvalTest.voidFunctionWorksProperly(CatscriptFunctionArgsAndReturnEvalTest.java:12)

[ERROR] listTypeArgWorksProperly  Time elapsed: 0.001 s  <<< ERROR!
java.lang.NullPointerException
	at edu.montana.csci.csci468.eval.CatscriptFunctionArgsAndReturnEvalTest.listTypeArgWorksProperly(CatscriptFunctionArgsAndReturnEvalTest.java:50)

[ERROR] intTypeArgWorksProperly  Time elapsed: 0.006 s  <<< ERROR!
edu.montana.csci.csci468.parser.ParseErrorException: 
Parse Errors Occurred:

Line 1:function foo(x : int) { print(x) }foo(1)
      ^

Error: Unexpected Token


	at edu.montana.csci.csci468.eval.CatscriptFunctionArgsAndReturnEvalTest.intTypeArgWorksProperly(CatscriptFunctionArgsAndReturnEvalTest.java:32)

[ERROR] booleanTypeArgWorksProperly  Time elapsed: 0.002 s  <<< ERROR!
edu.montana.csci.csci468.parser.ParseErrorException: 
Parse Errors Occurred:

Line 1:function foo(x : bool) { print(x) }foo(true)
      ^

Error: Unexpected Token


	at edu.montana.csci.csci468.eval.CatscriptFunctionArgsAndReturnEvalTest.booleanTypeArgWorksProperly(CatscriptFunctionArgsAndReturnEvalTest.java:38)

[ERROR] returnIntWorksProperly  Time elapsed: 0.009 s  <<< ERROR!
java.lang.UnsupportedOperationException: evaluate needs to be implemented for edu.montana.csci.csci468.parser.expressions.FunctionCallExpression
	at edu.montana.csci.csci468.eval.CatscriptFunctionArgsAndReturnEvalTest.returnIntWorksProperly(CatscriptFunctionArgsAndReturnEvalTest.java:82)

[INFO] Running edu.montana.csci.csci468.eval.CatscriptBasicExpressionEvalTest
[ERROR] Tests run: 8, Failures: 1, Errors: 0, Skipped: 0, Time elapsed: 0.008 s <<< FAILURE! - in edu.montana.csci.csci468.eval.CatscriptBasicExpressionEvalTest
[ERROR] literalExpressionsEvaluatesProperly  Time elapsed: 0 s  <<< FAILURE!
org.opentest4j.AssertionFailedError: expected: java.util.Arrays$ArrayList@57a3e26a<[1, 2, 3]> but was: java.util.LinkedList@75c56eb9<[1, 2, 3]>
	at edu.montana.csci.csci468.eval.CatscriptBasicExpressionEvalTest.literalExpressionsEvaluatesProperly(CatscriptBasicExpressionEvalTest.java:18)

[INFO] Running edu.montana.csci.csci468.demo.JavaReview
[INFO] Tests run: 1, Failures: 0, Errors: 0, Skipped: 0, Time elapsed: 0 s - in edu.montana.csci.csci468.demo.JavaReview
[INFO] Running edu.montana.csci.csci468.tokenizer.CatScriptTokenizerTest
[INFO] Tests run: 15, Failures: 0, Errors: 0, Skipped: 0, Time elapsed: 0.001 s - in edu.montana.csci.csci468.tokenizer.CatScriptTokenizerTest
[INFO] 
[INFO] Results:
[INFO] 
[ERROR] Failures: 
[ERROR]   CatscriptBasicExpressionEvalTest.literalExpressionsEvaluatesProperly:18 expected: java.util.Arrays$ArrayList@57a3e26a<[1, 2, 3]> but was: java.util.LinkedList@75c56eb9<[1, 2, 3]>
[ERROR]   CatscriptStatementExecutionTest.ifStatementWorksProperly:24 expected: <1
> but was: <>
[ERROR] Errors: 
[ERROR]   CatscriptBasicExpressionCompileTest.additiveExpressionCompilesProperly:33->CatscriptTestBase.compile:121 » IllegalArgument
[ERROR]   CatscriptBasicExpressionCompileTest.additiveStringExpressionCompilesProperly:40->CatscriptTestBase.compile:121 » UnsupportedOperation
[ERROR]   CatscriptBasicExpressionCompileTest.comparisonExpressionCompilesProperly:48->CatscriptTestBase.compile:121 » UnsupportedOperation
[ERROR]   CatscriptBasicExpressionCompileTest.equalityExpressionCompilesProperly:66->CatscriptTestBase.compile:121 » UnsupportedOperation
[ERROR]   CatscriptBasicExpressionCompileTest.factorExpressionCompilesProperly:26->CatscriptTestBase.compile:121 » UnsupportedOperation
[ERROR]   CatscriptBasicExpressionCompileTest.literalExpressionsCompilesProperly:11->CatscriptTestBase.compile:121 » IllegalArgument
[ERROR]   CatscriptBasicExpressionCompileTest.parenthesizedExpressionCompilesProperly:75->CatscriptTestBase.compile:121 » IllegalArgument
[ERROR]   CatscriptBasicExpressionCompileTest.unaryExpressionCompilesProperly:20->CatscriptTestBase.compile:121 » UnsupportedOperation
[ERROR]   CatscriptFunctionArgsAndReturnCompileTest.booleanTypeArgWorksProperly:38->CatscriptTestBase.compile:119 » ParseError
[ERROR]   CatscriptFunctionArgsAndReturnCompileTest.intTypeArgWorksProperly:32->CatscriptTestBase.compile:119 » ParseError
[ERROR]   CatscriptFunctionArgsAndReturnCompileTest.listTypeArgWorksProperly:50->CatscriptTestBase.compile:119 » NullPointer
[ERROR]   CatscriptFunctionArgsAndReturnCompileTest.listTypeWithComponentTypeArgWorksProperly:56->CatscriptTestBase.compile:119 » ParseError
[ERROR]   CatscriptFunctionArgsAndReturnCompileTest.mutliArgumentFunctionsWork:62->CatscriptTestBase.compile:119 » ParseError
[ERROR]   CatscriptFunctionArgsAndReturnCompileTest.noTypeArgWorksProperly:20->CatscriptTestBase.compile:119 » ParseError
[ERROR]   CatscriptFunctionArgsAndReturnCompileTest.objectTypeArgWorksProperly:26->CatscriptTestBase.compile:119 » ParseError
[ERROR]   CatscriptFunctionArgsAndReturnCompileTest.returnBoolWorksProperly:88->CatscriptTestBase.compile:121 » UnsupportedOperation
[ERROR]   CatscriptFunctionArgsAndReturnCompileTest.returnIntWorksProperly:82->CatscriptTestBase.compile:121 » UnsupportedOperation
[ERROR]   CatscriptFunctionArgsAndReturnCompileTest.returnListWithComponentTypeWorksProperly:101->CatscriptTestBase.compile:121 » UnsupportedOperation
[ERROR]   CatscriptFunctionArgsAndReturnCompileTest.returnListWithComponentTypeWorksProperlyWithMultipleReturnOptions:107->CatscriptTestBase.compile:118 » NullPointer
[ERROR]   CatscriptFunctionArgsAndReturnCompileTest.returnListWorksProperly:94->CatscriptTestBase.compile:119 » NullPointer
[ERROR]   CatscriptFunctionArgsAndReturnCompileTest.returnObjectWorksProperly:72->CatscriptTestBase.compile:121 » UnsupportedOperation
[ERROR]   CatscriptFunctionArgsAndReturnCompileTest.stringTypeArgWorksProperly:44->CatscriptTestBase.compile:119 » ParseError
[ERROR]   CatscriptFunctionArgsAndReturnCompileTest.voidFunctionWorksProperly:12->CatscriptTestBase.compile:119 » NullPointer
[ERROR]   CatscriptStatementExecutionTest.forStatementWorksProperly:58->CatscriptTestBase.compile:121 » UnsupportedOperation
[ERROR]   CatscriptStatementExecutionTest.functionDeclarationWorksProperly:63->CatscriptTestBase.compile:119 » ParseError
[ERROR]   CatscriptStatementExecutionTest.ifStatementWorksProperly:21->CatscriptTestBase.compile:121 » UnsupportedOperation
[ERROR]   CatscriptStatementExecutionTest.localVarStatementsWorkProperly:40->CatscriptTestBase.compile:118 » NullPointer
[ERROR]   CatscriptStatementExecutionTest.printStatementWorksProperly:12->CatscriptTestBase.compile:121 » UnsupportedOperation
[ERROR]   CatscriptStatementExecutionTest.recursiveFunctionWorksProperly:72->CatscriptTestBase.compile:118 » NullPointer
[ERROR]   CatscriptStatementExecutionTest.returnStatementWorks:85->CatscriptTestBase.compile:121 » UnsupportedOperation
[ERROR]   CatscriptStatementExecutionTest.varInsideFunctionWorksProperly:48->CatscriptTestBase.compile:121 » UnsupportedOperation
[ERROR]   CatscriptStatementExecutionTest.varStatementWorksProperly:29->CatscriptTestBase.compile:121 » UnsupportedOperation
[ERROR]   CatscriptFunctionArgsAndReturnEvalTest.booleanTypeArgWorksProperly:38->CatscriptTestBase.executeProgram:102 » ParseError
[ERROR]   CatscriptFunctionArgsAndReturnEvalTest.intTypeArgWorksProperly:32->CatscriptTestBase.executeProgram:102 » ParseError
[ERROR]   CatscriptFunctionArgsAndReturnEvalTest.listTypeArgWorksProperly:50->CatscriptTestBase.executeProgram:102 » NullPointer
[ERROR]   CatscriptFunctionArgsAndReturnEvalTest.listTypeWithComponentTypeArgWorksProperly:56->CatscriptTestBase.executeProgram:102 » ParseError
[ERROR]   CatscriptFunctionArgsAndReturnEvalTest.mutliArgumentFunctionsWork:62->CatscriptTestBase.executeProgram:102 » ParseError
[ERROR]   CatscriptFunctionArgsAndReturnEvalTest.noTypeArgWorksProperly:20->CatscriptTestBase.executeProgram:102 » ParseError
[ERROR]   CatscriptFunctionArgsAndReturnEvalTest.objectTypeArgWorksProperly:26->CatscriptTestBase.executeProgram:102 » ParseError
[ERROR]   CatscriptFunctionArgsAndReturnEvalTest.returnBoolWorksProperly:88->CatscriptTestBase.executeProgram:103 » UnsupportedOperation
[ERROR]   CatscriptFunctionArgsAndReturnEvalTest.returnIntWorksProperly:82->CatscriptTestBase.executeProgram:103 » UnsupportedOperation
[ERROR]   CatscriptFunctionArgsAndReturnEvalTest.returnListWithComponentTypeWorksProperly:101->CatscriptTestBase.executeProgram:103 » UnsupportedOperation
[ERROR]   CatscriptFunctionArgsAndReturnEvalTest.returnListWorksProperly:94->CatscriptTestBase.executeProgram:102 » NullPointer
[ERROR]   CatscriptFunctionArgsAndReturnEvalTest.returnObjectWorksProperly:72->CatscriptTestBase.executeProgram:103 » UnsupportedOperation
[ERROR]   CatscriptFunctionArgsAndReturnEvalTest.stringTypeArgWorksProperly:44->CatscriptTestBase.executeProgram:102 » ParseError
[ERROR]   CatscriptFunctionArgsAndReturnEvalTest.voidFunctionWorksProperly:12->CatscriptTestBase.executeProgram:102 » NullPointer
[ERROR]   CatscriptStatementExecutionTest.functionDeclarationWorksProperly:66->CatscriptTestBase.executeProgram:102 » ParseError
[ERROR]   CatscriptStatementExecutionTest.localVarStatementsWorkProperly:43->CatscriptTestBase.executeProgram:101 » NullPointer
[ERROR]   CatscriptStatementExecutionTest.recursiveFunctionWorksProperly:75->CatscriptTestBase.executeProgram:101 » NullPointer
[ERROR]   CatscriptStatementExecutionTest.returnStatementWorks:88->CatscriptTestBase.executeProgram:103 » UnsupportedOperation
[ERROR]   CatscriptStatementExecutionTest.varInsideFunctionWorksProperly:51->CatscriptTestBase.executeProgram:103 » UnsupportedOperation
[ERROR]   CatscriptBasicExpressionTranspileTest.additiveStringExpressionEvaluatesProperly:40->CatscriptTestBase.transpile:111 » UnsupportedOperation
[ERROR]   CatscriptBasicExpressionTranspileTest.comparisonExpressionEvaluatesProperly:48->CatscriptTestBase.transpile:111 » UnsupportedOperation
[ERROR]   CatscriptBasicExpressionTranspileTest.equalityExpressionEvaluatesProperly:66->CatscriptTestBase.transpile:111 » UnsupportedOperation
[ERROR]   CatscriptBasicExpressionTranspileTest.factorExpressionEvaluatesProperly:26->CatscriptTestBase.transpile:111 » UnsupportedOperation
[ERROR]   CatscriptBasicExpressionTranspileTest.literalExpressionsEvaluatesProperly:12->CatscriptTestBase.transpile:111 » UnsupportedOperation
[ERROR]   CatscriptBasicExpressionTranspileTest.unaryExpressionEvaluatesProperly:20->CatscriptTestBase.transpile:111 » UnsupportedOperation
[ERROR]   CatscriptFunctionArgsAndReturnTranspileTest.booleanTypeArgWorksProperly:38->CatscriptTestBase.transpile:110 » ParseError
[ERROR]   CatscriptFunctionArgsAndReturnTranspileTest.intTypeArgWorksProperly:32->CatscriptTestBase.transpile:110 » ParseError
[ERROR]   CatscriptFunctionArgsAndReturnTranspileTest.listTypeArgWorksProperly:50->CatscriptTestBase.transpile:110 » NullPointer
[ERROR]   CatscriptFunctionArgsAndReturnTranspileTest.listTypeWithComponentTypeArgWorksProperly:56->CatscriptTestBase.transpile:110 » ParseError
[ERROR]   CatscriptFunctionArgsAndReturnTranspileTest.mutliArgumentFunctionsWork:62->CatscriptTestBase.transpile:110 » ParseError
[ERROR]   CatscriptFunctionArgsAndReturnTranspileTest.noTypeArgWorksProperly:20->CatscriptTestBase.transpile:110 » ParseError
[ERROR]   CatscriptFunctionArgsAndReturnTranspileTest.objectTypeArgWorksProperly:26->CatscriptTestBase.transpile:110 » ParseError
[ERROR]   CatscriptFunctionArgsAndReturnTranspileTest.returnBoolWorksProperly:88->CatscriptTestBase.transpile:111 » UnsupportedOperation
[ERROR]   CatscriptFunctionArgsAndReturnTranspileTest.returnIntWorksProperly:82->CatscriptTestBase.transpile:111 » UnsupportedOperation
[ERROR]   CatscriptFunctionArgsAndReturnTranspileTest.returnListWithComponentTypeWorksProperly:101->CatscriptTestBase.transpile:111 » UnsupportedOperation
[ERROR]   CatscriptFunctionArgsAndReturnTranspileTest.returnListWorksProperly:94->CatscriptTestBase.transpile:110 » NullPointer
[ERROR]   CatscriptFunctionArgsAndReturnTranspileTest.returnObjectWorksProperly:72->CatscriptTestBase.transpile:111 » UnsupportedOperation
[ERROR]   CatscriptFunctionArgsAndReturnTranspileTest.stringTypeArgWorksProperly:44->CatscriptTestBase.transpile:110 » ParseError
[ERROR]   CatscriptFunctionArgsAndReturnTranspileTest.voidFunctionWorksProperly:12->CatscriptTestBase.transpile:110 » NullPointer
[ERROR]   CatscriptStatementTranspileTest.forStatementWorksProperly:40->CatscriptTestBase.transpile:111 » UnsupportedOperation
[ERROR]   CatscriptStatementTranspileTest.functionDeclarationWorksProperly:45->CatscriptTestBase.transpile:110 » ParseError
[ERROR]   CatscriptStatementTranspileTest.ifStatementWorksProperly:21->CatscriptTestBase.transpile:111 » UnsupportedOperation
[ERROR]   CatscriptStatementTranspileTest.printStatementWorksProperly:12->CatscriptTestBase.transpile:111 » UnsupportedOperation
[ERROR]   CatscriptStatementTranspileTest.recursiveFunctionWorksProperly:54->CatscriptTestBase.transpile:109 » NullPointer
[ERROR]   CatscriptStatementTranspileTest.returnStatementWorks:67->CatscriptTestBase.transpile:111 » UnsupportedOperation
[ERROR]   CatscriptStatementTranspileTest.varStatementWorksProperly:29->CatscriptTestBase.transpile:111 » UnsupportedOperation
[ERROR]   CatscriptParserStatementsTest.varStatementWithListType:119->CatscriptTestBase.parseStatement:41->CatscriptTestBase.parseStatement:45->CatscriptTestBase.parseStatement:56 » ParseError
[ERROR]   CatscriptParserStatementsTest.varStatementWithObjectType:110->CatscriptTestBase.parseStatement:41->CatscriptTestBase.parseStatement:45->CatscriptTestBase.parseStatement:56 » ParseError
[ERROR]   CatscriptParserSymbolCheckingTest.functionFunctionConflict:34->CatscriptTestBase.getParseError:85 » NullPointer
[ERROR]   CatscriptParserSymbolCheckingTest.paramsConflictWithGlobalVars:46->CatscriptTestBase.getParseError:85 » NullPointer
[ERROR]   CatscriptParserTypeCheckingTest.assignmentTypeError:55->CatscriptTestBase.getParseError:85 » NullPointer
[INFO] 
[ERROR] Tests run: 177, Failures: 2, Errors: 83, Skipped: 0
[INFO] 
[INFO] ------------------------------------------------------------------------
[INFO] BUILD FAILURE
[INFO] ------------------------------------------------------------------------
[INFO] Total time:  23.797 s
[INFO] Finished at: 2021-04-14T12:20:12-06:00
[INFO] ------------------------------------------------------------------------
[ERROR] Failed to execute goal org.apache.maven.plugins:maven-surefire-plugin:2.22.1:test (default-test) on project CSCI_466_Project: There are test failures.
[ERROR] 
[ERROR] Please refer to /home/carson/Projects/msu/csci-466-spring2021/grading/scripts/repos/stuart_smith/target/surefire-reports for the individual test results.
[ERROR] Please refer to dump files (if any exist) [date].dump, [date]-jvmRun[N].dump and [date].dumpstream.
[ERROR] -> [Help 1]
[ERROR] 
[ERROR] To see the full stack trace of the errors, re-run Maven with the -e switch.
[ERROR] Re-run Maven using the -X switch to enable full debug logging.
[ERROR] 
[ERROR] For more information about the errors and possible solutions, please read the following articles:
[ERROR] [Help 1] http://cwiki.apache.org/confluence/display/MAVEN/MojoFailureException
